# JRE version: OpenJDK Runtime Environment (17.0.6) (build 17.0.6+0-b2043.56-10027231)
# Java VM: OpenJDK 64-Bit Server VM (17.0.6+0-b2043.56-10027231, mixed mode, tiered, compressed oops, compressed class ptrs, g1 gc, windows-amd64)
GC Precious Log:
 CPUs: 4 total, 4 available
 Memory: 8059M
 Large Page Support: Disabled
 NUMA Support: Disabled
 Compressed Oops: Enabled (32-bit)
 Heap Region Size: 1M
 Heap Min Capacity: 8M
 Heap Initial Capacity: 126M
 Heap Max Capacity: 2G
 Pre-touch: Disabled
 Parallel Workers: 4
 Concurrent Workers: 1
 Concurrent Refinement Workers: 4
 Periodic GC: Disabled
Heap:
 garbage-first heap   total 491520K, used 315904K [0x0000000080000000, 0x0000000100000000)
  region size 1024K, 3 young (3072K), 3 survivors (3072K)
 Metaspace       used 153763K, committed 154816K, reserved 1187840K
  class space    used 20376K, committed 20864K, reserved 1048576K
GC Heap History (20 events):
Event: 52.969 GC heap after
{Heap after GC invocations=45 (full 0):
 garbage-first heap   total 491520K, used 163836K [0x0000000080000000, 0x0000000100000000)
  region size 1024K, 12 young (12288K), 12 survivors (12288K)
 Metaspace       used 126840K, committed 127680K, reserved 1163264K
  class space    used 17097K, committed 17472K, reserved 1048576K
}
Event: 53.148 GC heap before
{Heap before GC invocations=45 (full 0):
 garbage-first heap   total 491520K, used 175100K [0x0000000080000000, 0x0000000100000000)
  region size 1024K, 24 young (24576K), 12 survivors (12288K)
 Metaspace       used 126844K, committed 127680K, reserved 1163264K
  class space    used 17097K, committed 17472K, reserved 1048576K
}
Event: 53.174 GC heap after
{Heap after GC invocations=46 (full 0):
 garbage-first heap   total 491520K, used 161241K [0x0000000080000000, 0x0000000100000000)
  region size 1024K, 2 young (2048K), 2 survivors (2048K)
 Metaspace       used 126844K, committed 127680K, reserved 1163264K
  class space    used 17097K, committed 17472K, reserved 1048576K
}
Event: 57.241 GC heap before
{Heap before GC invocations=46 (full 0):
 garbage-first heap   total 491520K, used 378328K [0x0000000080000000, 0x0000000100000000)
  region size 1024K, 208 young (212992K), 2 survivors (2048K)
 Metaspace       used 133539K, committed 134400K, reserved 1171456K
  class space    used 18031K, committed 18432K, reserved 1048576K
}
Event: 57.266 GC heap after
{Heap after GC invocations=47 (full 0):
 garbage-first heap   total 491520K, used 171403K [0x0000000080000000, 0x0000000100000000)
  region size 1024K, 11 young (11264K), 11 survivors (11264K)
 Metaspace       used 133539K, committed 134400K, reserved 1171456K
  class space    used 18031K, committed 18432K, reserved 1048576K
}
Event: 461.036 GC heap before
{Heap before GC invocations=48 (full 0):
 garbage-first heap   total 491520K, used 446386K [0x0000000080000000, 0x0000000100000000)
  region size 1024K, 216 young (221184K), 11 survivors (11264K)
 Metaspace       used 140467K, committed 141440K, reserved 1171456K
  class space    used 18907K, committed 19392K, reserved 1048576K
}
Event: 461.092 GC heap after
{Heap after GC invocations=49 (full 0):
 garbage-first heap   total 491520K, used 183614K [0x0000000080000000, 0x0000000100000000)
  region size 1024K, 27 young (27648K), 27 survivors (27648K)
 Metaspace       used 140467K, committed 141440K, reserved 1171456K
  class space    used 18907K, committed 19392K, reserved 1048576K
}
Event: 461.104 GC heap before
{Heap before GC invocations=49 (full 0):
 garbage-first heap   total 491520K, used 184638K [0x0000000080000000, 0x0000000100000000)
  region size 1024K, 28 young (28672K), 27 survivors (27648K)
 Metaspace       used 140472K, committed 141440K, reserved 1171456K
  class space    used 18909K, committed 19392K, reserved 1048576K
}
Event: 461.149 GC heap after
{Heap after GC invocations=50 (full 0):
 garbage-first heap   total 491520K, used 181497K [0x0000000080000000, 0x0000000100000000)
  region size 1024K, 3 young (3072K), 3 survivors (3072K)
 Metaspace       used 140472K, committed 141440K, reserved 1171456K
  class space    used 18909K, committed 19392K, reserved 1048576K
}
Event: 462.023 GC heap before
{Heap before GC invocations=50 (full 0):
 garbage-first heap   total 491520K, used 226553K [0x0000000080000000, 0x0000000100000000)
  region size 1024K, 45 young (46080K), 3 survivors (3072K)
 Metaspace       used 141620K, committed 142656K, reserved 1179648K
  class space    used 19019K, committed 19520K, reserved 1048576K
}
Event: 462.045 GC heap after
{Heap after GC invocations=51 (full 0):
 garbage-first heap   total 491520K, used 199729K [0x0000000080000000, 0x0000000100000000)
  region size 1024K, 17 young (17408K), 17 survivors (17408K)
 Metaspace       used 141620K, committed 142656K, reserved 1179648K
  class space    used 19019K, committed 19520K, reserved 1048576K
}
Event: 466.327 GC heap before
{Heap before GC invocations=52 (full 0):
 garbage-first heap   total 491520K, used 351281K [0x0000000080000000, 0x0000000100000000)
  region size 1024K, 157 young (160768K), 17 survivors (17408K)
 Metaspace       used 149460K, committed 150464K, reserved 1179648K
  class space    used 19819K, committed 20288K, reserved 1048576K
}
Event: 466.419 GC heap after
{Heap after GC invocations=53 (full 0):
 garbage-first heap   total 491520K, used 266240K [0x0000000080000000, 0x0000000100000000)
  region size 1024K, 20 young (20480K), 20 survivors (20480K)
 Metaspace       used 149460K, committed 150464K, reserved 1179648K
  class space    used 19819K, committed 20288K, reserved 1048576K
}
Event: 466.592 GC heap before
{Heap before GC invocations=53 (full 0):
 garbage-first heap   total 491520K, used 271360K [0x0000000080000000, 0x0000000100000000)
  region size 1024K, 24 young (24576K), 20 survivors (20480K)
 Metaspace       used 149841K, committed 150848K, reserved 1179648K
  class space    used 19882K, committed 20352K, reserved 1048576K
}
Event: 466.648 GC heap after
{Heap after GC invocations=54 (full 0):
 garbage-first heap   total 491520K, used 261632K [0x0000000080000000, 0x0000000100000000)
  region size 1024K, 3 young (3072K), 3 survivors (3072K)
 Metaspace       used 149841K, committed 150848K, reserved 1179648K
  class space    used 19882K, committed 20352K, reserved 1048576K
}
Event: 467.351 GC heap before
{Heap before GC invocations=54 (full 0):
 garbage-first heap   total 491520K, used 275968K [0x0000000080000000, 0x0000000100000000)
  region size 1024K, 18 young (18432K), 3 survivors (3072K)
 Metaspace       used 152360K, committed 153344K, reserved 1187840K
  class space    used 20239K, committed 20736K, reserved 1048576K
}
Event: 467.361 GC heap after
{Heap after GC invocations=55 (full 0):
 garbage-first heap   total 491520K, used 262656K [0x0000000080000000, 0x0000000100000000)
  region size 1024K, 4 young (4096K), 4 survivors (4096K)
 Metaspace       used 152360K, committed 153344K, reserved 1187840K
  class space    used 20239K, committed 20736K, reserved 1048576K
}
Event: 469.503 GC heap before
{Heap before GC invocations=56 (full 0):
 garbage-first heap   total 491520K, used 358912K [0x0000000080000000, 0x0000000100000000)
  region size 1024K, 101 young (103424K), 4 survivors (4096K)
 Metaspace       used 153763K, committed 154816K, reserved 1187840K
  class space    used 20376K, committed 20864K, reserved 1048576K
}
Event: 469.580 GC heap after
{Heap after GC invocations=57 (full 0):
 garbage-first heap   total 491520K, used 314062K [0x0000000080000000, 0x0000000100000000)
  region size 1024K, 13 young (13312K), 13 survivors (13312K)
 Metaspace       used 153763K, committed 154816K, reserved 1187840K
  class space    used 20376K, committed 20864K, reserved 1048576K
}
Event: 469.638 GC heap before
{Heap before GC invocations=57 (full 0):
 garbage-first heap   total 491520K, used 324302K [0x0000000080000000, 0x0000000100000000)
  region size 1024K, 24 young (24576K), 13 survivors (13312K)
 Metaspace       used 153763K, committed 154816K, reserved 1187840K
  class space    used 20376K, committed 20864K, reserved 1048576K
}

