# JRE version: OpenJDK Runtime Environment (17.0.6) (build 17.0.6+0-b2043.56-10027231)
# Java VM: OpenJDK 64-Bit Server VM (17.0.6+0-b2043.56-10027231, mixed mode, tiered, compressed oops, compressed class ptrs, g1 gc, windows-amd64)
GC Precious Log:
 CPUs: 4 total, 4 available
 Memory: 8059M
 Large Page Support: Disabled
 NUMA Support: Disabled
 Compressed Oops: Enabled (32-bit)
 Heap Region Size: 1M
 Heap Min Capacity: 8M
 Heap Initial Capacity: 126M
 Heap Max Capacity: 2G
 Pre-touch: Disabled
 Parallel Workers: 4
 Concurrent Workers: 1
 Concurrent Refinement Workers: 4
 Periodic GC: Disabled
Heap:
 garbage-first heap   total 592896K, used 208648K [0x0000000080000000, 0x0000000100000000)
  region size 1024K, 2 young (2048K), 2 survivors (2048K)
 Metaspace       used 146391K, committed 148672K, reserved 1196032K
  class space    used 18461K, committed 19584K, reserved 1048576K
GC Heap History (20 events):
Event: 12955.909 GC heap after
{Heap after GC invocations=219 (full 1):
 garbage-first heap   total 618496K, used 151138K [0x0000000080000000, 0x0000000100000000)
  region size 1024K, 2 young (2048K), 2 survivors (2048K)
 Metaspace       used 136962K, committed 141504K, reserved 1196032K
  class space    used 17360K, committed 19520K, reserved 1048576K
}
Event: 12961.983 GC heap before
{Heap before GC invocations=219 (full 1):
 garbage-first heap   total 618496K, used 182882K [0x0000000080000000, 0x0000000100000000)
  region size 1024K, 34 young (34816K), 2 survivors (2048K)
 Metaspace       used 136981K, committed 141504K, reserved 1196032K
  class space    used 17360K, committed 19520K, reserved 1048576K
}
Event: 12961.990 GC heap after
{Heap after GC invocations=220 (full 1):
 garbage-first heap   total 618496K, used 154318K [0x0000000080000000, 0x0000000100000000)
  region size 1024K, 5 young (5120K), 5 survivors (5120K)
 Metaspace       used 136981K, committed 141504K, reserved 1196032K
  class space    used 17360K, committed 19520K, reserved 1048576K
}
Event: 13274.602 GC heap before
{Heap before GC invocations=221 (full 1):
 garbage-first heap   total 552960K, used 496334K [0x0000000080000000, 0x0000000100000000)
  region size 1024K, 251 young (257024K), 5 survivors (5120K)
 Metaspace       used 137672K, committed 141504K, reserved 1196032K
  class space    used 17427K, committed 19520K, reserved 1048576K
}
Event: 13274.628 GC heap after
{Heap after GC invocations=222 (full 1):
 garbage-first heap   total 552960K, used 161376K [0x0000000080000000, 0x0000000100000000)
  region size 1024K, 11 young (11264K), 11 survivors (11264K)
 Metaspace       used 137672K, committed 141504K, reserved 1196032K
  class space    used 17427K, committed 19520K, reserved 1048576K
}
Event: 13274.728 GC heap before
{Heap before GC invocations=222 (full 1):
 garbage-first heap   total 552960K, used 176736K [0x0000000080000000, 0x0000000100000000)
  region size 1024K, 27 young (27648K), 11 survivors (11264K)
 Metaspace       used 137672K, committed 141504K, reserved 1196032K
  class space    used 17427K, committed 19520K, reserved 1048576K
}
Event: 13274.752 GC heap after
{Heap after GC invocations=223 (full 1):
 garbage-first heap   total 552960K, used 148159K [0x0000000080000000, 0x0000000100000000)
  region size 1024K, 2 young (2048K), 2 survivors (2048K)
 Metaspace       used 137672K, committed 141504K, reserved 1196032K
  class space    used 17427K, committed 19520K, reserved 1048576K
}
Event: 13276.899 GC heap before
{Heap before GC invocations=223 (full 1):
 garbage-first heap   total 552960K, used 173759K [0x0000000080000000, 0x0000000100000000)
  region size 1024K, 28 young (28672K), 2 survivors (2048K)
 Metaspace       used 137679K, committed 141504K, reserved 1196032K
  class space    used 17427K, committed 19520K, reserved 1048576K
}
Event: 13276.903 GC heap after
{Heap after GC invocations=224 (full 1):
 garbage-first heap   total 552960K, used 148317K [0x0000000080000000, 0x0000000100000000)
  region size 1024K, 2 young (2048K), 2 survivors (2048K)
 Metaspace       used 137679K, committed 141504K, reserved 1196032K
  class space    used 17427K, committed 19520K, reserved 1048576K
}
Event: 13279.886 GC heap before
{Heap before GC invocations=225 (full 1):
 garbage-first heap   total 552960K, used 434013K [0x0000000080000000, 0x0000000100000000)
  region size 1024K, 269 young (275456K), 2 survivors (2048K)
 Metaspace       used 145671K, committed 147904K, reserved 1196032K
  class space    used 18411K, committed 19520K, reserved 1048576K
}
Event: 13280.044 GC heap after
{Heap after GC invocations=226 (full 1):
 garbage-first heap   total 552960K, used 253555K [0x0000000080000000, 0x0000000100000000)
  region size 1024K, 34 young (34816K), 34 survivors (34816K)
 Metaspace       used 145671K, committed 147904K, reserved 1196032K
  class space    used 18411K, committed 19520K, reserved 1048576K
}
Event: 13280.045 GC heap before
{Heap before GC invocations=226 (full 1):
 garbage-first heap   total 552960K, used 254579K [0x0000000080000000, 0x0000000100000000)
  region size 1024K, 35 young (35840K), 34 survivors (34816K)
 Metaspace       used 145671K, committed 147904K, reserved 1196032K
  class space    used 18411K, committed 19520K, reserved 1048576K
}
Event: 13280.081 GC heap after
{Heap after GC invocations=227 (full 1):
 garbage-first heap   total 552960K, used 247024K [0x0000000080000000, 0x0000000100000000)
  region size 1024K, 2 young (2048K), 2 survivors (2048K)
 Metaspace       used 145671K, committed 147904K, reserved 1196032K
  class space    used 18411K, committed 19520K, reserved 1048576K
}
Event: 13287.572 GC heap before
{Heap before GC invocations=227 (full 1):
 garbage-first heap   total 552960K, used 377072K [0x0000000080000000, 0x0000000100000000)
  region size 1024K, 131 young (134144K), 2 survivors (2048K)
 Metaspace       used 145741K, committed 147968K, reserved 1196032K
  class space    used 18412K, committed 19520K, reserved 1048576K
}
Event: 13287.606 GC heap after
{Heap after GC invocations=228 (full 1):
 garbage-first heap   total 552960K, used 268528K [0x0000000080000000, 0x0000000100000000)
  region size 1024K, 18 young (18432K), 18 survivors (18432K)
 Metaspace       used 145741K, committed 147968K, reserved 1196032K
  class space    used 18412K, committed 19520K, reserved 1048576K
}
Event: 13288.974 GC heap before
{Heap before GC invocations=229 (full 1):
 garbage-first heap   total 552960K, used 363760K [0x0000000080000000, 0x0000000100000000)
  region size 1024K, 148 young (151552K), 18 survivors (18432K)
 Metaspace       used 146368K, committed 148672K, reserved 1196032K
  class space    used 18461K, committed 19584K, reserved 1048576K
}
Event: 13288.993 GC heap after
{Heap after GC invocations=230 (full 1):
 garbage-first heap   total 552960K, used 233104K [0x0000000080000000, 0x0000000100000000)
  region size 1024K, 10 young (10240K), 10 survivors (10240K)
 Metaspace       used 146368K, committed 148672K, reserved 1196032K
  class space    used 18461K, committed 19584K, reserved 1048576K
}
Event: 13289.255 GC heap before
{Heap before GC invocations=230 (full 1):
 garbage-first heap   total 552960K, used 250512K [0x0000000080000000, 0x0000000100000000)
  region size 1024K, 27 young (27648K), 10 survivors (10240K)
 Metaspace       used 146376K, committed 148672K, reserved 1196032K
  class space    used 18461K, committed 19584K, reserved 1048576K
}
Event: 13289.275 GC heap after
{Heap after GC invocations=231 (full 1):
 garbage-first heap   total 552960K, used 209136K [0x0000000080000000, 0x0000000100000000)
  region size 1024K, 2 young (2048K), 2 survivors (2048K)
 Metaspace       used 146376K, committed 148672K, reserved 1196032K
  class space    used 18461K, committed 19584K, reserved 1048576K
}
Event: 13289.745 GC heap before
{Heap before GC invocations=231 (full 1):
 garbage-first heap   total 552960K, used 253168K [0x0000000080000000, 0x0000000100000000)
  region size 1024K, 47 young (48128K), 2 survivors (2048K)
 Metaspace       used 146391K, committed 148672K, reserved 1196032K
  class space    used 18461K, committed 19584K, reserved 1048576K
}

