# JRE version: Java(TM) SE Runtime Environment (17.0.8+9) (build 17.0.8+9-LTS-211)
# Java VM: Java HotSpot(TM) 64-Bit Server VM (17.0.8+9-LTS-211, mixed mode, sharing, tiered, compressed oops, compressed class ptrs, g1 gc, windows-amd64)
GC Precious Log:
 CPUs: 4 total, 4 available
 Memory: 8059M
 Large Page Support: Disabled
 NUMA Support: Disabled
 Compressed Oops: Enabled (32-bit)
 Heap Region Size: 1M
 Heap Min Capacity: 8M
 Heap Initial Capacity: 126M
 Heap Max Capacity: 2G
 Pre-touch: Disabled
 Parallel Workers: 4
 Concurrent Workers: 1
 Concurrent Refinement Workers: 4
 Periodic GC: Disabled
Heap:
 garbage-first heap   total 304128K, used 206848K [0x0000000080000000, 0x0000000100000000)
  region size 1024K, 2 young (2048K), 2 survivors (2048K)
 Metaspace       used 121807K, committed 122752K, reserved 1179648K
  class space    used 15676K, committed 16128K, reserved 1048576K
GC Heap History (20 events):
Event: 2039.401 GC heap after
{Heap after GC invocations=52 (full 0):
 garbage-first heap   total 288768K, used 145491K [0x0000000080000000, 0x0000000100000000)
  region size 1024K, 2 young (2048K), 2 survivors (2048K)
 Metaspace       used 102481K, committed 103232K, reserved 1179648K
  class space    used 13659K, committed 14016K, reserved 1048576K
}
Event: 2039.436 GC heap before
{Heap before GC invocations=52 (full 0):
 garbage-first heap   total 288768K, used 146515K [0x0000000080000000, 0x0000000100000000)
  region size 1024K, 5 young (5120K), 2 survivors (2048K)
 Metaspace       used 102483K, committed 103232K, reserved 1179648K
  class space    used 13659K, committed 14016K, reserved 1048576K
}
Event: 2039.442 GC heap after
{Heap after GC invocations=53 (full 0):
 garbage-first heap   total 288768K, used 146360K [0x0000000080000000, 0x0000000100000000)
  region size 1024K, 3 young (3072K), 3 survivors (3072K)
 Metaspace       used 102483K, committed 103232K, reserved 1179648K
  class space    used 13659K, committed 14016K, reserved 1048576K
}
Event: 2046.965 GC heap before
{Heap before GC invocations=54 (full 0):
 garbage-first heap   total 288768K, used 244664K [0x0000000080000000, 0x0000000100000000)
  region size 1024K, 93 young (95232K), 3 survivors (3072K)
 Metaspace       used 104508K, committed 105408K, reserved 1179648K
  class space    used 13875K, committed 14336K, reserved 1048576K
}
Event: 2047.014 GC heap after
{Heap after GC invocations=55 (full 0):
 garbage-first heap   total 288768K, used 155188K [0x0000000080000000, 0x0000000100000000)
  region size 1024K, 12 young (12288K), 12 survivors (12288K)
 Metaspace       used 104508K, committed 105408K, reserved 1179648K
  class space    used 13875K, committed 14336K, reserved 1048576K
}
Event: 2047.028 GC heap before
{Heap before GC invocations=55 (full 0):
 garbage-first heap   total 288768K, used 157236K [0x0000000080000000, 0x0000000100000000)
  region size 1024K, 14 young (14336K), 12 survivors (12288K)
 Metaspace       used 104510K, committed 105408K, reserved 1179648K
  class space    used 13875K, committed 14336K, reserved 1048576K
}
Event: 2047.104 GC heap after
{Heap after GC invocations=56 (full 0):
 garbage-first heap   total 288768K, used 141405K [0x0000000080000000, 0x0000000100000000)
  region size 1024K, 1 young (1024K), 1 survivors (1024K)
 Metaspace       used 104510K, committed 105408K, reserved 1179648K
  class space    used 13875K, committed 14336K, reserved 1048576K
}
Event: 2047.300 GC heap before
{Heap before GC invocations=56 (full 0):
 garbage-first heap   total 288768K, used 153693K [0x0000000080000000, 0x0000000100000000)
  region size 1024K, 14 young (14336K), 1 survivors (1024K)
 Metaspace       used 104543K, committed 105408K, reserved 1179648K
  class space    used 13876K, committed 14336K, reserved 1048576K
}
Event: 2047.314 GC heap after
{Heap after GC invocations=57 (full 0):
 garbage-first heap   total 288768K, used 139795K [0x0000000080000000, 0x0000000100000000)
  region size 1024K, 1 young (1024K), 1 survivors (1024K)
 Metaspace       used 104543K, committed 105408K, reserved 1179648K
  class space    used 13876K, committed 14336K, reserved 1048576K
}
Event: 2064.325 GC heap before
{Heap before GC invocations=57 (full 0):
 garbage-first heap   total 288768K, used 234003K [0x0000000080000000, 0x0000000100000000)
  region size 1024K, 94 young (96256K), 1 survivors (1024K)
 Metaspace       used 109180K, committed 110144K, reserved 1179648K
  class space    used 14442K, committed 14912K, reserved 1048576K
}
Event: 2064.340 GC heap after
{Heap after GC invocations=58 (full 0):
 garbage-first heap   total 288768K, used 144239K [0x0000000080000000, 0x0000000100000000)
  region size 1024K, 5 young (5120K), 5 survivors (5120K)
 Metaspace       used 109180K, committed 110144K, reserved 1179648K
  class space    used 14442K, committed 14912K, reserved 1048576K
}
Event: 2070.082 GC heap before
{Heap before GC invocations=59 (full 0):
 garbage-first heap   total 288768K, used 249711K [0x0000000080000000, 0x0000000100000000)
  region size 1024K, 96 young (98304K), 5 survivors (5120K)
 Metaspace       used 117733K, committed 118656K, reserved 1179648K
  class space    used 15354K, committed 15808K, reserved 1048576K
}
Event: 2070.112 GC heap after
{Heap after GC invocations=60 (full 0):
 garbage-first heap   total 288768K, used 162356K [0x0000000080000000, 0x0000000100000000)
  region size 1024K, 12 young (12288K), 12 survivors (12288K)
 Metaspace       used 117733K, committed 118656K, reserved 1179648K
  class space    used 15354K, committed 15808K, reserved 1048576K
}
Event: 2070.220 GC heap before
{Heap before GC invocations=60 (full 0):
 garbage-first heap   total 288768K, used 164404K [0x0000000080000000, 0x0000000100000000)
  region size 1024K, 14 young (14336K), 12 survivors (12288K)
 Metaspace       used 117909K, committed 118784K, reserved 1179648K
  class space    used 15376K, committed 15808K, reserved 1048576K
}
Event: 2070.254 GC heap after
{Heap after GC invocations=61 (full 0):
 garbage-first heap   total 288768K, used 158919K [0x0000000080000000, 0x0000000100000000)
  region size 1024K, 2 young (2048K), 2 survivors (2048K)
 Metaspace       used 117909K, committed 118784K, reserved 1179648K
  class space    used 15376K, committed 15808K, reserved 1048576K
}
Event: 2070.550 GC heap before
{Heap before GC invocations=61 (full 0):
 garbage-first heap   total 288768K, used 168135K [0x0000000080000000, 0x0000000100000000)
  region size 1024K, 12 young (12288K), 2 survivors (2048K)
 Metaspace       used 118221K, committed 119104K, reserved 1179648K
  class space    used 15395K, committed 15808K, reserved 1048576K
}
Event: 2070.558 GC heap after
{Heap after GC invocations=62 (full 0):
 garbage-first heap   total 288768K, used 160646K [0x0000000080000000, 0x0000000100000000)
  region size 1024K, 4 young (4096K), 4 survivors (4096K)
 Metaspace       used 118221K, committed 119104K, reserved 1179648K
  class space    used 15395K, committed 15808K, reserved 1048576K
}
Event: 2072.197 GC heap before
{Heap before GC invocations=63 (full 0):
 garbage-first heap   total 304128K, used 232326K [0x0000000080000000, 0x0000000100000000)
  region size 1024K, 71 young (72704K), 4 survivors (4096K)
 Metaspace       used 121807K, committed 122752K, reserved 1179648K
  class space    used 15676K, committed 16128K, reserved 1048576K
}
Event: 2072.256 GC heap after
{Heap after GC invocations=64 (full 0):
 garbage-first heap   total 304128K, used 202706K [0x0000000080000000, 0x0000000100000000)
  region size 1024K, 9 young (9216K), 9 survivors (9216K)
 Metaspace       used 121807K, committed 122752K, reserved 1179648K
  class space    used 15676K, committed 16128K, reserved 1048576K
}
Event: 2072.300 GC heap before
{Heap before GC invocations=64 (full 0):
 garbage-first heap   total 304128K, used 207826K [0x0000000080000000, 0x0000000100000000)
  region size 1024K, 14 young (14336K), 9 survivors (9216K)
 Metaspace       used 121807K, committed 122752K, reserved 1179648K
  class space    used 15676K, committed 16128K, reserved 1048576K
}

